{"/Users/tsg/Documents/dev/node/aws/sam/bae/recieve-names-sam/search/src/formatter.js": {"path":"/Users/tsg/Documents/dev/node/aws/sam/bae/recieve-names-sam/search/src/formatter.js","statementMap":{"0":{"start":{"line":2,"column":19},"end":{"line":9,"column":5}},"1":{"start":{"line":10,"column":4},"end":{"line":10,"column":20}},"2":{"start":{"line":14,"column":19},"end":{"line":22,"column":5}},"3":{"start":{"line":23,"column":4},"end":{"line":23,"column":20}},"4":{"start":{"line":26,"column":0},"end":{"line":29,"column":1}}},"fnMap":{"0":{"name":"formatResponse","decl":{"start":{"line":1,"column":9},"end":{"line":1,"column":23}},"loc":{"start":{"line":1,"column":41},"end":{"line":11,"column":1}},"line":1},"1":{"name":"formatError","decl":{"start":{"line":13,"column":9},"end":{"line":13,"column":20}},"loc":{"start":{"line":13,"column":39},"end":{"line":24,"column":1}},"line":13}},"branchMap":{},"s":{"0":1,"1":1,"2":1,"3":1,"4":1},"f":{"0":1,"1":1},"b":{},"_coverageSchema":"1a1c01bbd47fc00a2c39e90264f33305004495a9","hash":"beedbd21f8772c0db9120b8f7d9453fb6187d6fa"}
,"/Users/tsg/Documents/dev/node/aws/sam/bae/recieve-names-sam/search/src/index.js": {"path":"/Users/tsg/Documents/dev/node/aws/sam/bae/recieve-names-sam/search/src/index.js","statementMap":{"0":{"start":{"line":1,"column":12},"end":{"line":1,"column":30}},"1":{"start":{"line":2,"column":18},"end":{"line":2,"column":40}},"2":{"start":{"line":3,"column":15},"end":{"line":3,"column":30}},"3":{"start":{"line":4,"column":0},"end":{"line":4,"column":40}},"4":{"start":{"line":6,"column":0},"end":{"line":30,"column":1}},"5":{"start":{"line":7,"column":17},"end":{"line":7,"column":41}},"6":{"start":{"line":8,"column":20},"end":{"line":8,"column":70}},"7":{"start":{"line":9,"column":19},"end":{"line":9,"column":21}},"8":{"start":{"line":10,"column":23},"end":{"line":10,"column":27}},"9":{"start":{"line":20,"column":4},"end":{"line":27,"column":5}},"10":{"start":{"line":21,"column":23},"end":{"line":21,"column":80}},"11":{"start":{"line":22,"column":8},"end":{"line":22,"column":101}},"12":{"start":{"line":23,"column":8},"end":{"line":23,"column":120}},"13":{"start":{"line":25,"column":8},"end":{"line":25,"column":92}},"14":{"start":{"line":26,"column":8},"end":{"line":26,"column":56}},"15":{"start":{"line":29,"column":4},"end":{"line":29,"column":20}}},"fnMap":{"0":{"name":"(anonymous_0)","decl":{"start":{"line":6,"column":18},"end":{"line":6,"column":19}},"loc":{"start":{"line":6,"column":35},"end":{"line":30,"column":1}},"line":6}},"branchMap":{},"s":{"0":1,"1":1,"2":1,"3":1,"4":1,"5":2,"6":2,"7":2,"8":2,"9":2,"10":2,"11":1,"12":1,"13":1,"14":1,"15":2},"f":{"0":2},"b":{},"_coverageSchema":"1a1c01bbd47fc00a2c39e90264f33305004495a9","hash":"b024f40832124c95340471d4a3032e9040303790"}
}
