<?xml version="1.0" encoding="UTF-8"?>
<coverage generated="1644200318736" clover="3.2.0">
  <project timestamp="1644200318736" name="All files">
    <metrics statements="30" coveredstatements="30" conditionals="0" coveredconditionals="0" methods="6" coveredmethods="6" elements="36" coveredelements="36" complexity="0" loc="30" ncloc="30" packages="1" files="3" classes="3"/>
    <file name="formatter.js" path="/Users/tsg/Documents/dev/node/aws/sam/bae/aws-sam-get-details/search/src/formatter.js">
      <metrics statements="5" coveredstatements="5" conditionals="0" coveredconditionals="0" methods="2" coveredmethods="2"/>
      <line num="2" count="1" type="stmt"/>
      <line num="10" count="1" type="stmt"/>
      <line num="14" count="1" type="stmt"/>
      <line num="23" count="1" type="stmt"/>
      <line num="26" count="1" type="stmt"/>
    </file>
    <file name="index.js" path="/Users/tsg/Documents/dev/node/aws/sam/bae/aws-sam-get-details/search/src/index.js">
      <metrics statements="17" coveredstatements="17" conditionals="0" coveredconditionals="0" methods="1" coveredmethods="1"/>
      <line num="1" count="1" type="stmt"/>
      <line num="2" count="1" type="stmt"/>
      <line num="3" count="1" type="stmt"/>
      <line num="4" count="1" type="stmt"/>
      <line num="8" count="1" type="stmt"/>
      <line num="9" count="2" type="stmt"/>
      <line num="10" count="2" type="stmt"/>
      <line num="11" count="2" type="stmt"/>
      <line num="13" count="2" type="stmt"/>
      <line num="14" count="2" type="stmt"/>
      <line num="15" count="2" type="stmt"/>
      <line num="16" count="1" type="stmt"/>
      <line num="17" count="1" type="stmt"/>
      <line num="19" count="1" type="stmt"/>
      <line num="20" count="1" type="stmt"/>
      <line num="23" count="2" type="stmt"/>
      <line num="25" count="2" type="stmt"/>
    </file>
    <file name="ssm.js" path="/Users/tsg/Documents/dev/node/aws/sam/bae/aws-sam-get-details/search/src/ssm.js">
      <metrics statements="8" coveredstatements="8" conditionals="0" coveredconditionals="0" methods="3" coveredmethods="3"/>
      <line num="1" count="1" type="stmt"/>
      <line num="2" count="1" type="stmt"/>
      <line num="5" count="1" type="stmt"/>
      <line num="6" count="2" type="stmt"/>
      <line num="8" count="1" type="stmt"/>
      <line num="11" count="1" type="stmt"/>
      <line num="12" count="1" type="stmt"/>
      <line num="16" count="1" type="stmt"/>
    </file>
  </project>
</coverage>
