{"/Users/tsg/Documents/dev/node/aws/sam/bae/aws-sam-get-details/search/src/formatter.js": {"path":"/Users/tsg/Documents/dev/node/aws/sam/bae/aws-sam-get-details/search/src/formatter.js","statementMap":{"0":{"start":{"line":2,"column":21},"end":{"line":9,"column":5}},"1":{"start":{"line":10,"column":4},"end":{"line":10,"column":20}},"2":{"start":{"line":14,"column":19},"end":{"line":22,"column":5}},"3":{"start":{"line":23,"column":4},"end":{"line":23,"column":20}},"4":{"start":{"line":26,"column":0},"end":{"line":29,"column":1}}},"fnMap":{"0":{"name":"formatResponse","decl":{"start":{"line":1,"column":9},"end":{"line":1,"column":23}},"loc":{"start":{"line":1,"column":49},"end":{"line":11,"column":1}},"line":1},"1":{"name":"formatError","decl":{"start":{"line":13,"column":9},"end":{"line":13,"column":20}},"loc":{"start":{"line":13,"column":39},"end":{"line":24,"column":1}},"line":13}},"branchMap":{},"s":{"0":1,"1":1,"2":1,"3":1,"4":1},"f":{"0":1,"1":1},"b":{},"_coverageSchema":"1a1c01bbd47fc00a2c39e90264f33305004495a9","hash":"1bd74a15cd93866b1d2838268767598b0d77330b"}
,"/Users/tsg/Documents/dev/node/aws/sam/bae/aws-sam-get-details/search/src/index.js": {"path":"/Users/tsg/Documents/dev/node/aws/sam/bae/aws-sam-get-details/search/src/index.js","statementMap":{"0":{"start":{"line":1,"column":12},"end":{"line":1,"column":30}},"1":{"start":{"line":2,"column":18},"end":{"line":2,"column":40}},"2":{"start":{"line":3,"column":15},"end":{"line":3,"column":30}},"3":{"start":{"line":4,"column":25},"end":{"line":4,"column":41}},"4":{"start":{"line":8,"column":0},"end":{"line":26,"column":1}},"5":{"start":{"line":9,"column":17},"end":{"line":9,"column":38}},"6":{"start":{"line":10,"column":19},"end":{"line":10,"column":21}},"7":{"start":{"line":11,"column":23},"end":{"line":11,"column":27}},"8":{"start":{"line":13,"column":4},"end":{"line":21,"column":5}},"9":{"start":{"line":14,"column":8},"end":{"line":14,"column":54}},"10":{"start":{"line":15,"column":23},"end":{"line":15,"column":47}},"11":{"start":{"line":16,"column":8},"end":{"line":16,"column":101}},"12":{"start":{"line":17,"column":8},"end":{"line":17,"column":104}},"13":{"start":{"line":19,"column":8},"end":{"line":19,"column":92}},"14":{"start":{"line":20,"column":8},"end":{"line":20,"column":56}},"15":{"start":{"line":23,"column":4},"end":{"line":23,"column":56}},"16":{"start":{"line":25,"column":4},"end":{"line":25,"column":20}}},"fnMap":{"0":{"name":"(anonymous_0)","decl":{"start":{"line":8,"column":18},"end":{"line":8,"column":19}},"loc":{"start":{"line":8,"column":35},"end":{"line":26,"column":1}},"line":8}},"branchMap":{},"s":{"0":1,"1":1,"2":1,"3":1,"4":1,"5":2,"6":2,"7":2,"8":2,"9":2,"10":2,"11":1,"12":1,"13":1,"14":1,"15":2,"16":2},"f":{"0":2},"b":{},"_coverageSchema":"1a1c01bbd47fc00a2c39e90264f33305004495a9","hash":"75311f6adabcd1c42f14bbceee801fe7817674d4"}
,"/Users/tsg/Documents/dev/node/aws/sam/bae/aws-sam-get-details/search/src/ssm.js": {"path":"/Users/tsg/Documents/dev/node/aws/sam/bae/aws-sam-get-details/search/src/ssm.js","statementMap":{"0":{"start":{"line":1,"column":12},"end":{"line":1,"column":30}},"1":{"start":{"line":2,"column":16},"end":{"line":4,"column":1}},"2":{"start":{"line":5,"column":21},"end":{"line":14,"column":1}},"3":{"start":{"line":6,"column":4},"end":{"line":13,"column":6}},"4":{"start":{"line":8,"column":9},"end":{"line":8,"column":29}},"5":{"start":{"line":11,"column":8},"end":{"line":11,"column":122}},"6":{"start":{"line":12,"column":8},"end":{"line":12,"column":29}},"7":{"start":{"line":16,"column":0},"end":{"line":18,"column":1}}},"fnMap":{"0":{"name":"(anonymous_0)","decl":{"start":{"line":5,"column":21},"end":{"line":5,"column":22}},"loc":{"start":{"line":5,"column":35},"end":{"line":14,"column":1}},"line":5},"1":{"name":"(anonymous_1)","decl":{"start":{"line":7,"column":10},"end":{"line":7,"column":11}},"loc":{"start":{"line":8,"column":9},"end":{"line":8,"column":29}},"line":8},"2":{"name":"(anonymous_2)","decl":{"start":{"line":10,"column":11},"end":{"line":10,"column":12}},"loc":{"start":{"line":10,"column":18},"end":{"line":13,"column":5}},"line":10}},"branchMap":{},"s":{"0":1,"1":1,"2":1,"3":2,"4":1,"5":1,"6":1,"7":1},"f":{"0":2,"1":1,"2":1},"b":{},"_coverageSchema":"1a1c01bbd47fc00a2c39e90264f33305004495a9","hash":"65b4a826a54f9f1d6bf26f1c2bae75c9b2b93019"}
}
