TN:
SF:src/formatter.js
FN:1,formatResponse
FN:13,formatError
FNF:2
FNH:2
FNDA:1,formatResponse
FNDA:1,formatError
DA:2,1
DA:10,1
DA:14,1
DA:23,1
DA:26,1
LF:5
LH:5
BRF:0
BRH:0
end_of_record
TN:
SF:src/index.js
FN:8,(anonymous_0)
FNF:1
FNH:1
FNDA:2,(anonymous_0)
DA:1,1
DA:2,1
DA:3,1
DA:4,1
DA:8,1
DA:9,2
DA:10,2
DA:11,2
DA:13,2
DA:14,2
DA:15,2
DA:16,1
DA:17,1
DA:19,1
DA:20,1
DA:23,2
DA:25,2
LF:17
LH:17
BRF:0
BRH:0
end_of_record
TN:
SF:src/ssm.js
FN:5,(anonymous_0)
FN:7,(anonymous_1)
FN:10,(anonymous_2)
FNF:3
FNH:3
FNDA:2,(anonymous_0)
FNDA:1,(anonymous_1)
FNDA:1,(anonymous_2)
DA:1,1
DA:2,1
DA:5,1
DA:6,2
DA:8,1
DA:11,1
DA:12,1
DA:16,1
LF:8
LH:8
BRF:0
BRH:0
end_of_record
